<?xml version="1.0" encoding="UTF-8"?>
<!-- Generated by org.testng.reporters.JUnitReportReporter -->
<testsuite skipped="0" hostname="EEOC-2TK736001Z" name="PartData.loginPage" tests="1" failures="0" timestamp="27 Mar 2019 14:40:01 GMT" time="0.767" errors="0">
  <testcase name="loginPages" time="0.767" classname="PartData.loginPage"/>
</testsuite> <!-- PartData.loginPage -->
