<?xml version="1.0" encoding="UTF-8"?>
<!-- Generated by org.testng.reporters.JUnitReportReporter -->
<testsuite skipped="0" hostname="EEOC-2TK736001Z" name="PartData.landingPage" tests="1" failures="0" timestamp="02 Apr 2019 13:31:29 GMT" time="2.087" errors="0">
  <testcase name="landingPage" time="2.087" classname="PartData.landingPage"/>
</testsuite> <!-- PartData.landingPage -->
