<?xml version="1.0" encoding="UTF-8"?>
<!-- Generated by org.testng.reporters.JUnitReportReporter -->
<testsuite hostname="EEOC-2TK736001Z" name="PartData2.PartB" tests="2" failures="0" timestamp="6 Mar 2019 16:52:48 GMT" time="11.003" errors="0">
  <testcase name="partA_NegativeTest" time="3.363" classname="PartData2.PartB"/>
  <testcase name="partA" time="7.640" classname="PartData2.PartB"/>
</testsuite> <!-- PartData2.PartB -->
