<?xml version="1.0" encoding="UTF-8"?>
<!-- Generated by org.testng.reporters.JUnitReportReporter -->
<testsuite skipped="0" hostname="EEOC-2TK736001Z" name="PartData.PartC" tests="9" failures="0" timestamp="27 Mar 2019 14:40:01 GMT" time="20.273" errors="0">
  <testcase name="partC_NegativeTest" time="3.133" classname="PartData.PartC"/>
  <testcase name="partCErrorMessage" time="1.110" classname="PartData.PartC"/>
  <testcase name="partC" time="2.855" classname="PartData.PartC"/>
  <testcase name="VerifyContractAdded" time="0.095" classname="PartData.PartC"/>
  <testcase name="deleteContract" time="1.155" classname="PartData.PartC"/>
  <testcase name="addOffical" time="1.889" classname="PartData.PartC"/>
  <testcase name="addOfficals" time="5.742" classname="PartData.PartC"/>
  <testcase name="addOfficalss" time="3.231" classname="PartData.PartC"/>
  <testcase name="deleteContracts" time="1.063" classname="PartData.PartC"/>
</testsuite> <!-- PartData.PartC -->
