<?xml version="1.0" encoding="UTF-8"?>
<!-- Generated by org.testng.reporters.JUnitReportReporter -->
<testsuite skipped="0" hostname="EEOC-2TK736001Z" name="PartData.PartA" tests="2" failures="0" timestamp="27 Mar 2019 14:40:01 GMT" time="3.686" errors="0">
  <testcase name="partA_NegativeTest" time="2.391" classname="PartData.PartA"/>
  <testcase name="partA" time="1.295" classname="PartData.PartA"/>
</testsuite> <!-- PartData.PartA -->
