<?xml version="1.0" encoding="UTF-8"?>
<!-- Generated by org.testng.reporters.JUnitReportReporter -->
<testsuite skipped="0" hostname="EEOC-2TK736001Z" name="PartData.PartC" tests="9" failures="0" timestamp="02 Apr 2019 13:31:29 GMT" time="20.866" errors="0">
  <testcase name="partC_NegativeTest" time="3.019" classname="PartData.PartC"/>
  <testcase name="partCErrorMessage" time="1.072" classname="PartData.PartC"/>
  <testcase name="partC" time="2.771" classname="PartData.PartC"/>
  <testcase name="VerifyContractAdded" time="0.123" classname="PartData.PartC"/>
  <testcase name="deleteContract" time="1.406" classname="PartData.PartC"/>
  <testcase name="addOffical" time="1.810" classname="PartData.PartC"/>
  <testcase name="addOfficals" time="6.120" classname="PartData.PartC"/>
  <testcase name="addOfficalss" time="3.239" classname="PartData.PartC"/>
  <testcase name="deleteContracts" time="1.306" classname="PartData.PartC"/>
</testsuite> <!-- PartData.PartC -->
