<?xml version="1.0" encoding="UTF-8"?>
<!-- Generated by org.testng.reporters.JUnitReportReporter -->
<testsuite skipped="0" hostname="EEOC-2TK736001Z" name="PartData.loginPage" tests="1" failures="0" timestamp="02 Apr 2019 13:31:29 GMT" time="1.038" errors="0">
  <testcase name="loginPages" time="1.038" classname="PartData.loginPage"/>
</testsuite> <!-- PartData.loginPage -->
