<?xml version="1.0" encoding="UTF-8"?>
<!-- Generated by org.testng.reporters.JUnitReportReporter -->
<testsuite hostname="EEOC-2TK736001Z" name="Academy.HomePage" tests="2" failures="0" timestamp="8 Feb 2019 16:54:19 GMT" time="3.384" errors="0">
  <testcase name="loginPage" time="2.799" classname="Academy.HomePage"/>
  <testcase name="md715MenuTab" time="0.585" classname="Academy.HomePage"/>
</testsuite> <!-- Academy.HomePage -->
