<?xml version="1.0" encoding="UTF-8"?>
<!-- Generated by org.testng.reporters.JUnitReportReporter -->
<testsuite hostname="EEOC-2TK736001Z" name="Academy.landingPage2" tests="1" failures="0" timestamp="7 Feb 2019 19:27:31 GMT" time="2.589" errors="0">
  <testcase name="VerifyTheLoginPage" time="2.589" classname="Academy.landingPage2"/>
</testsuite> <!-- Academy.landingPage2 -->
