<?xml version="1.0" encoding="UTF-8"?>
<!-- Generated by org.testng.reporters.JUnitReportReporter -->
<testsuite hostname="EEOC-2TK736001Z" name="PartData.HomePage" tests="2" failures="0" timestamp="15 Feb 2019 22:47:26 GMT" time="4.260" errors="0">
  <testcase name="md715MenuTab" time="0.640" classname="PartData.HomePage"/>
  <testcase name="loginPage" time="3.620" classname="PartData.HomePage"/>
</testsuite> <!-- PartData.HomePage -->
