<?xml version="1.0" encoding="UTF-8"?>
<!-- Generated by org.testng.reporters.JUnitReportReporter -->
<testsuite skipped="0" hostname="EEOC-2TK736001Z" name="PartData.PartB" tests="2" failures="0" timestamp="27 Mar 2019 14:40:01 GMT" time="10.382" errors="0">
  <testcase name="partB_NegativeTest" time="2.831" classname="PartData.PartB"/>
  <testcase name="partB" time="7.551" classname="PartData.PartB"/>
</testsuite> <!-- PartData.PartB -->
