<?xml version="1.0" encoding="UTF-8"?>
<!-- Generated by org.testng.reporters.JUnitReportReporter -->
<testsuite skipped="0" hostname="EEOC-2TK736001Z" name="PartData.landingPage" tests="1" failures="0" timestamp="27 Mar 2019 14:40:01 GMT" time="1.925" errors="0">
  <testcase name="landingPage" time="1.925" classname="PartData.landingPage"/>
</testsuite> <!-- PartData.landingPage -->
