<?xml version="1.0" encoding="UTF-8"?>
<!-- Generated by org.testng.reporters.JUnitReportReporter -->
<testsuite hostname="EEOC-2TK736001Z" name="Academy.landingPage" tests="1" failures="0" timestamp="7 Feb 2019 19:27:31 GMT" time="2.810" errors="0">
  <testcase name="welomePage" time="2.810" classname="Academy.landingPage"/>
</testsuite> <!-- Academy.landingPage -->
